  lab3.cpp
C:\Users\user\source\repos\lab3\lab3\lab3.cpp(18,34): warning C4566: символ, представленный универсальным именем символа "\u041D", невозможно представить в текущей кодовой странице (1252)
C:\Users\user\source\repos\lab3\lab3\lab3.cpp(18,34): warning C4566: символ, представленный универсальным именем символа "\u0435", невозможно представить в текущей кодовой странице (1252)
C:\Users\user\source\repos\lab3\lab3\lab3.cpp(18,34): warning C4566: символ, представленный универсальным именем символа "\u0443", невозможно представить в текущей кодовой странице (1252)
C:\Users\user\source\repos\lab3\lab3\lab3.cpp(18,34): warning C4566: символ, представленный универсальным именем символа "\u0434", невозможно представить в текущей кодовой странице (1252)
C:\Users\user\source\repos\lab3\lab3\lab3.cpp(18,34): warning C4566: символ, представленный универсальным именем символа "\u0430", невозможно представить в текущей кодовой странице (1252)
C:\Users\user\source\repos\lab3\lab3\lab3.cpp(18,34): warning C4566: символ, представленный универсальным именем символа "\u043B", невозможно представить в текущей кодовой странице (1252)
C:\Users\user\source\repos\lab3\lab3\lab3.cpp(18,34): warning C4566: символ, представленный универсальным именем символа "\u043E", невозможно представить в текущей кодовой странице (1252)
C:\Users\user\source\repos\lab3\lab3\lab3.cpp(18,34): warning C4566: символ, представленный универсальным именем символа "\u0441", невозможно представить в текущей кодовой странице (1252)
C:\Users\user\source\repos\lab3\lab3\lab3.cpp(18,34): warning C4566: символ, представленный универсальным именем символа "\u044C", невозможно представить в текущей кодовой странице (1252)
C:\Users\user\source\repos\lab3\lab3\lab3.cpp(18,34): warning C4566: символ, представленный универсальным именем символа "\u0442", невозможно представить в текущей кодовой странице (1252)
C:\Users\user\source\repos\lab3\lab3\lab3.cpp(18,34): warning C4566: символ, представленный универсальным именем символа "\u043A", невозможно представить в текущей кодовой странице (1252)
C:\Users\user\source\repos\lab3\lab3\lab3.cpp(18,34): warning C4566: символ, представленный универсальным именем символа "\u0440", невозможно представить в текущей кодовой странице (1252)
C:\Users\user\source\repos\lab3\lab3\lab3.cpp(18,34): warning C4566: символ, представленный универсальным именем символа "\u044B", невозможно представить в текущей кодовой странице (1252)
C:\Users\user\source\repos\lab3\lab3\lab3.cpp(18,34): warning C4566: символ, представленный универсальным именем символа "\u0444", невозможно представить в текущей кодовой странице (1252)
C:\Users\user\source\repos\lab3\lab3\lab3.cpp(18,34): warning C4566: символ, представленный универсальным именем символа "\u0439", невозможно представить в текущей кодовой странице (1252)
C:\Users\user\source\repos\lab3\lab3\lab3.cpp(41,34): warning C4566: символ, представленный универсальным именем символа "\u041D", невозможно представить в текущей кодовой странице (1252)
C:\Users\user\source\repos\lab3\lab3\lab3.cpp(41,34): warning C4566: символ, представленный универсальным именем символа "\u0435", невозможно представить в текущей кодовой странице (1252)
C:\Users\user\source\repos\lab3\lab3\lab3.cpp(41,34): warning C4566: символ, представленный универсальным именем символа "\u0443", невозможно представить в текущей кодовой странице (1252)
C:\Users\user\source\repos\lab3\lab3\lab3.cpp(41,34): warning C4566: символ, представленный универсальным именем символа "\u0434", невозможно представить в текущей кодовой странице (1252)
C:\Users\user\source\repos\lab3\lab3\lab3.cpp(41,34): warning C4566: символ, представленный универсальным именем символа "\u0430", невозможно представить в текущей кодовой странице (1252)
C:\Users\user\source\repos\lab3\lab3\lab3.cpp(41,34): warning C4566: символ, представленный универсальным именем символа "\u043B", невозможно представить в текущей кодовой странице (1252)
C:\Users\user\source\repos\lab3\lab3\lab3.cpp(41,34): warning C4566: символ, представленный универсальным именем символа "\u043E", невозможно представить в текущей кодовой странице (1252)
C:\Users\user\source\repos\lab3\lab3\lab3.cpp(41,34): warning C4566: символ, представленный универсальным именем символа "\u0441", невозможно представить в текущей кодовой странице (1252)
C:\Users\user\source\repos\lab3\lab3\lab3.cpp(41,34): warning C4566: символ, представленный универсальным именем символа "\u044C", невозможно представить в текущей кодовой странице (1252)
C:\Users\user\source\repos\lab3\lab3\lab3.cpp(41,34): warning C4566: символ, представленный универсальным именем символа "\u0442", невозможно представить в текущей кодовой странице (1252)
C:\Users\user\source\repos\lab3\lab3\lab3.cpp(41,34): warning C4566: символ, представленный универсальным именем символа "\u043A", невозможно представить в текущей кодовой странице (1252)
C:\Users\user\source\repos\lab3\lab3\lab3.cpp(41,34): warning C4566: символ, представленный универсальным именем символа "\u0440", невозможно представить в текущей кодовой странице (1252)
C:\Users\user\source\repos\lab3\lab3\lab3.cpp(41,34): warning C4566: символ, представленный универсальным именем символа "\u044B", невозможно представить в текущей кодовой странице (1252)
C:\Users\user\source\repos\lab3\lab3\lab3.cpp(41,34): warning C4566: символ, представленный универсальным именем символа "\u0444", невозможно представить в текущей кодовой странице (1252)
C:\Users\user\source\repos\lab3\lab3\lab3.cpp(41,34): warning C4566: символ, представленный универсальным именем символа "\u0439", невозможно представить в текущей кодовой странице (1252)
C:\Users\user\source\repos\lab3\lab3\lab3.cpp(41,34): warning C4566: символ, представленный универсальным именем символа "\u044F", невозможно представить в текущей кодовой странице (1252)
C:\Users\user\source\repos\lab3\lab3\lab3.cpp(41,34): warning C4566: символ, представленный универсальным именем символа "\u0437", невозможно представить в текущей кодовой странице (1252)
C:\Users\user\source\repos\lab3\lab3\lab3.cpp(41,34): warning C4566: символ, представленный универсальным именем символа "\u043F", невозможно представить в текущей кодовой странице (1252)
C:\Users\user\source\repos\lab3\lab3\lab3.cpp(41,34): warning C4566: символ, представленный универсальным именем символа "\u0438", невозможно представить в текущей кодовой странице (1252)
C:\Users\user\source\repos\lab3\lab3\lab3.cpp(58,35): warning C4267: =: преобразование из "size_t" в "uint32_t"; возможна потеря данных
  lab3.vcxproj -> C:\Users\user\source\repos\lab3\x64\Debug\lab3.exe
